<?xml version="1.0" encoding="UTF-8"?>
<!-- Generated by org.testng.reporters.JUnitReportReporter -->
<testsuite hostname="IND-Rangarajan" failures="0" tests="6" name="api.tests.DDTests" time="10.013" errors="0" timestamp="2024-02-11T13:59:25 IST" skipped="0">
  <testcase classname="api.tests.DDTests" name="testPostUsr" time="4.320"/>
  <testcase classname="api.tests.DDTests" name="testPostUsr" time="1.137"/>
  <testcase classname="api.tests.DDTests" name="testPostUsr" time="1.101"/>
  <testcase classname="api.tests.DDTests" name="testdeleteUsr" time="1.198"/>
  <testcase classname="api.tests.DDTests" name="testdeleteUsr" time="1.148"/>
  <testcase classname="api.tests.DDTests" name="testdeleteUsr" time="1.109"/>
</testsuite> <!-- api.tests.DDTests -->
