<?xml version="1.0" encoding="UTF-8"?>
<!-- Generated by org.testng.reporters.JUnitReportReporter -->
<testsuite hostname="IND-Rangarajan" failures="0" tests="4" name="api.tests.UserTests" time="7.752" errors="0" timestamp="2024-02-11T15:07:07 IST" skipped="0">
  <testcase classname="api.tests.UserTests" name="testpostUser" time="4.330"/>
  <testcase classname="api.tests.UserTests" name="testgetUser" time="1.164"/>
  <testcase classname="api.tests.UserTests" name="testupdateUser" time="1.151"/>
  <testcase classname="api.tests.UserTests" name="testdeleteUser" time="1.107"/>
</testsuite> <!-- api.tests.UserTests -->
