<?xml version="1.0" encoding="UTF-8"?>
<!-- Generated by org.testng.reporters.JUnitReportReporter -->
<testsuite hostname="IND-Rangarajan" failures="0" tests="4" name="api.tests.UserTests" time="6.752" errors="0" timestamp="2024-02-11T21:38:37 IST" skipped="0">
  <testcase classname="api.tests.UserTests" name="testpostUser" time="3.290"/>
  <testcase classname="api.tests.UserTests" name="testgetUser" time="1.176"/>
  <testcase classname="api.tests.UserTests" name="testupdateUser" time="1.111"/>
  <testcase classname="api.tests.UserTests" name="testdeleteUser" time="1.175"/>
</testsuite> <!-- api.tests.UserTests -->
